
> app-frontend@0.1.0 build
> next build

▲ Next.js 16.1.6 (Turbopack)
- Environments: .env.local

⚠ The "middleware" file convention is deprecated. Please use "proxy" instead. Learn more: https://nextjs.org/docs/messages/middleware-to-proxy
  Creating an optimized production build ...

> Build error occurred
Error: Turbopack build failed with 3 errors:
./src/app/budgets/page.tsx:4:1
Module not found: Can't resolve '@/utils/apiClient'
[0m [90m 2 |[39m
 [90m 3 |[39m [36mimport[39m { useQuery } [36mfrom[39m [32m'@tanstack/react-query'[39m[33m;[39m
[31m[1m>[22m[39m[90m 4 |[39m [36mimport[39m apiClient [36mfrom[39m [32m'@/utils/apiClient'[39m[33m;[39m
 [90m   |[39m [31m[1m^[22m[39m[31m[1m^[22m[39m[31m[1m^[22m[39m[31m[1m^[22m[39m[31m[1m^[22m[39m[31m[1m^[22m[39m[31m[1m^[22m[39m[31m[1m^[22m[39m[31m[1m^[22m[39m[31m[1m^[22m[39m[31m[1m^[22m[39m[31m[1m^[22m[39m[31m[1m^[22m[39m[31m[1m^[22m[39m[31m[1m^[22m[39m[31m[1m^[22m[39m[31m[1m^[22m[39m[31m[1m^[22m[39m[31m[1m^[22m[39m[31m[1m^[22m[39m[31m[1m^[22m[39m[31m[1m^[22m[39m[31m[1m^[22m[39m[31m[1m^[22m[39m[31m[1m^[22m[39m[31m[1m^[22m[39m[31m[1m^[22m[39m[31m[1m^[22m[39m[31m[1m^[22m[39m[31m[1m^[22m[39m[31m[1m^[22m[39m[31m[1m^[22m[39m[31m[1m^[22m[39m[31m[1m^[22m[39m[31m[1m^[22m[39m[31m[1m^[22m[39m[31m[1m^[22m[39m[31m[1m^[22m[39m[31m[1m^[22m[39m[31m[1m^[22m[39m[31m[1m^[22m[39m[31m[1m^[22m[39m
 [90m 5 |[39m [36mimport[39m { useState[33m,[39m useEffect } [36mfrom[39m [32m'react'[39m[33m;[39m
 [90m 6 |[39m [36mimport[39m { [33mPlus[39m[33m,[39m [33mSettings2[39m[33m,[39m [33mTarget[39m } [36mfrom[39m [32m'lucide-react'[39m[33m;[39m
 [90m 7 |[39m [36mimport[39m clsx [36mfrom[39m [32m'clsx'[39m[33m;[39m[0m

Import map: aliased to relative './src/utils/apiClient' inside of [project]/


Import traces:
  Client Component Browser:
    ./src/app/budgets/page.tsx [Client Component Browser]
    ./src/app/budgets/page.tsx [Server Component]

  Client Component SSR:
    ./src/app/budgets/page.tsx [Client Component SSR]
    ./src/app/budgets/page.tsx [Server Component]

https://nextjs.org/docs/messages/module-not-found


./src/app/subscriptions/page.tsx:4:1
Module not found: Can't resolve '@/utils/apiClient'
[0m [90m 2 |[39m
 [90m 3 |[39m [36mimport[39m { useQuery } [36mfrom[39m [32m'@tanstack/react-query'[39m[33m;[39m
[31m[1m>[22m[39m[90m 4 |[39m [36mimport[39m apiClient [36mfrom[39m [32m'@/utils/apiClient'[39m[33m;[39m
 [90m   |[39m [31m[1m^[22m[39m[31m[1m^[22m[39m[31m[1m^[22m[39m[31m[1m^[22m[39m[31m[1m^[22m[39m[31m[1m^[22m[39m[31m[1m^[22m[39m[31m[1m^[22m[39m[31m[1m^[22m[39m[31m[1m^[22m[39m[31m[1m^[22m[39m[31m[1m^[22m[39m[31m[1m^[22m[39m[31m[1m^[22m[39m[31m[1m^[22m[39m[31m[1m^[22m[39m[31m[1m^[22m[39m[31m[1m^[22m[39m[31m[1m^[22m[39m[31m[1m^[22m[39m[31m[1m^[22m[39m[31m[1m^[22m[39m[31m[1m^[22m[39m[31m[1m^[22m[39m[31m[1m^[22m[39m[31m[1m^[22m[39m[31m[1m^[22m[39m[31m[1m^[22m[39m[31m[1m^[22m[39m[31m[1m^[22m[39m[31m[1m^[22m[39m[31m[1m^[22m[39m[31m[1m^[22m[39m[31m[1m^[22m[39m[31m[1m^[22m[39m[31m[1m^[22m[39m[31m[1m^[22m[39m[31m[1m^[22m[39m[31m[1m^[22m[39m[31m[1m^[22m[39m[31m[1m^[22m[39m[31m[1m^[22m[39m
 [90m 5 |[39m [36mimport[39m { useMemo } [36mfrom[39m [32m'react'[39m[33m;[39m
 [90m 6 |[39m [36mimport[39m { [33mRefreshCcw[39m[33m,[39m [33mAlertTriangle[39m[33m,[39m [33mCheckCircle2[39m } [36mfrom[39m [32m'lucide-react'[39m[33m;[39m
 [90m 7 |[39m [36mimport[39m { format[33m,[39m parseISO } [36mfrom[39m [32m'date-fns'[39m[33m;[39m[0m

Import map: aliased to relative './src/utils/apiClient' inside of [project]/


Import traces:
  Client Component Browser:
    ./src/app/subscriptions/page.tsx [Client Component Browser]
    ./src/app/subscriptions/page.tsx [Server Component]

  Client Component SSR:
    ./src/app/subscriptions/page.tsx [Client Component SSR]
    ./src/app/subscriptions/page.tsx [Server Component]

https://nextjs.org/docs/messages/module-not-found


./src/app/transactions/page.tsx:4:1
Module not found: Can't resolve '@/utils/apiClient'
[0m [90m 2 |[39m
 [90m 3 |[39m [36mimport[39m { useQuery } [36mfrom[39m [32m'@tanstack/react-query'[39m[33m;[39m
[31m[1m>[22m[39m[90m 4 |[39m [36mimport[39m apiClient [36mfrom[39m [32m'@/utils/apiClient'[39m[33m;[39m
 [90m   |[39m [31m[1m^[22m[39m[31m[1m^[22m[39m[31m[1m^[22m[39m[31m[1m^[22m[39m[31m[1m^[22m[39m[31m[1m^[22m[39m[31m[1m^[22m[39m[31m[1m^[22m[39m[31m[1m^[22m[39m[31m[1m^[22m[39m[31m[1m^[22m[39m[31m[1m^[22m[39m[31m[1m^[22m[39m[31m[1m^[22m[39m[31m[1m^[22m[39m[31m[1m^[22m[39m[31m[1m^[22m[39m[31m[1m^[22m[39m[31m[1m^[22m[39m[31m[1m^[22m[39m[31m[1m^[22m[39m[31m[1m^[22m[39m[31m[1m^[22m[39m[31m[1m^[22m[39m[31m[1m^[22m[39m[31m[1m^[22m[39m[31m[1m^[22m[39m[31m[1m^[22m[39m[31m[1m^[22m[39m[31m[1m^[22m[39m[31m[1m^[22m[39m[31m[1m^[22m[39m[31m[1m^[22m[39m[31m[1m^[22m[39m[31m[1m^[22m[39m[31m[1m^[22m[39m[31m[1m^[22m[39m[31m[1m^[22m[39m[31m[1m^[22m[39m[31m[1m^[22m[39m[31m[1m^[22m[39m[31m[1m^[22m[39m
 [90m 5 |[39m [36mimport[39m { format[33m,[39m parseISO } [36mfrom[39m [32m'date-fns'[39m[33m;[39m
 [90m 6 |[39m [36mimport[39m clsx [36mfrom[39m [32m'clsx'[39m[33m;[39m
 [90m 7 |[39m [36mimport[39m { [33mSearch[39m[33m,[39m [33mFilter[39m[33m,[39m [33mDownload[39m } [36mfrom[39m [32m'lucide-react'[39m[33m;[39m[0m

Import map: aliased to relative './src/utils/apiClient' inside of [project]/


Import traces:
  Client Component Browser:
    ./src/app/transactions/page.tsx [Client Component Browser]
    ./src/app/transactions/page.tsx [Server Component]

  Client Component SSR:
    ./src/app/transactions/page.tsx [Client Component SSR]
    ./src/app/transactions/page.tsx [Server Component]

https://nextjs.org/docs/messages/module-not-found


    at <unknown> (./src/app/budgets/page.tsx:4:1)
    at <unknown> (https://nextjs.org/docs/messages/module-not-found)
    at <unknown> (./src/app/subscriptions/page.tsx:4:1)
    at <unknown> (https://nextjs.org/docs/messages/module-not-found)
    at <unknown> (./src/app/transactions/page.tsx:4:1)
    at <unknown> (https://nextjs.org/docs/messages/module-not-found)
